<?xml version="1.0" encoding="UTF-8"?>
<!-- Generated by org.testng.reporters.JUnitReportReporter -->
<testsuite skipped="0" hostname="DESKTOP-1C7TUAO" name="frame" tests="2" failures="0" timestamp="29 Oct 2018 22:38:52 GMT" time="24.129" errors="0">
  <testcase name="actionsClass" time="0.818" classname="frame"/>
  <testcase name="frame" time="23.311" classname="frame"/>
</testsuite> <!-- frame -->
