<?xml version="1.0" encoding="UTF-8"?>
<!-- Generated by org.testng.reporters.JUnitReportReporter -->
<testsuite skipped="0" hostname="DESKTOP-1C7TUAO" name="Scope1" tests="9" failures="0" timestamp="29 Oct 2018 22:25:46 GMT" time="14.331" errors="0">
  <testcase name="radioButtons" time="0.324" classname="Scope1"/>
  <testcase name="checkBoxes" time="0.336" classname="Scope1"/>
  <testcase name="getTitle" time="9.288" classname="Scope1"/>
  <testcase name="jsExecutorExample" time="0.149" classname="Scope1"/>
  <testcase name="dropDowns" time="0.466" classname="Scope1"/>
  <testcase name="displayed" time="0.901" classname="Scope1"/>
  <testcase name="zframe" time="1.602" classname="Scope1"/>
  <testcase name="alertPopup" time="0.167" classname="Scope1"/>
  <testcase name="scope" time="1.098" classname="Scope1"/>
</testsuite> <!-- Scope1 -->
